<?xml version="1.0" encoding="UTF-8"?>
<testng-results ignored="0" total="3" passed="3" failed="0" skipped="0">
  <reporter-output>
  </reporter-output>
  <suite started-at="2024-04-24T09:48:45 IST" name="OrangeHRM Test Suite" finished-at="2024-04-24T09:49:01 IST" duration-ms="15328">
    <groups>
    </groups>
    <test started-at="2024-04-24T09:48:45 IST" name="Admin Login TestCase with valid Data" finished-at="2024-04-24T09:48:51 IST" duration-ms="6198">
      <class name="orangehrm.testcases.AdminLoginTestwithValidInputs">
        <test-method signature="checkAdminLogin(java.lang.String,java.lang.String)[pri:0, instance:orangehrm.testcases.AdminLoginTestwithValidInputs@56cdfb3b]" started-at="2024-04-24T09:48:46 IST" name="checkAdminLogin" finished-at="2024-04-24T09:48:51 IST" duration-ms="5715" status="PASS">
          <params>
            <param index="0">
              <value>
                <![CDATA[Admin]]>
              </value>
            </param>
            <param index="1">
              <value>
                <![CDATA[Qedge123!@#]]>
              </value>
            </param>
          </params>
          <reporter-output>
          </reporter-output>
        </test-method> <!-- checkAdminLogin -->
      </class> <!-- orangehrm.testcases.AdminLoginTestwithValidInputs -->
    </test> <!-- Admin Login TestCase with valid Data -->
    <test started-at="2024-04-24T09:48:52 IST" name="Admin Login TestCase with invalid Data" finished-at="2024-04-24T09:48:52 IST" duration-ms="528">
      <class name="orangehrm.testcases.AdminLoginTestwithInvalidInputs">
        <test-method signature="checkAdminLogin(java.lang.String,java.lang.String)[pri:0, instance:orangehrm.testcases.AdminLoginTestwithInvalidInputs@2ea41516]" started-at="2024-04-24T09:48:52 IST" name="checkAdminLogin" finished-at="2024-04-24T09:48:52 IST" duration-ms="520" status="PASS">
          <params>
            <param index="0">
              <value>
                <![CDATA[abc]]>
              </value>
            </param>
            <param index="1">
              <value>
                <![CDATA[xyz]]>
              </value>
            </param>
          </params>
          <reporter-output>
          </reporter-output>
        </test-method> <!-- checkAdminLogin -->
      </class> <!-- orangehrm.testcases.AdminLoginTestwithInvalidInputs -->
    </test> <!-- Admin Login TestCase with invalid Data -->
    <test started-at="2024-04-24T09:48:52 IST" name="New Employee Registration Test" finished-at="2024-04-24T09:49:01 IST" duration-ms="8395">
      <class name="orangehrm.testcases.EmployeeRegTest">
        <test-method is-config="true" signature="launchApp()[pri:0, instance:orangehrm.testcases.EmployeeRegTest@1de5f259]" started-at="2024-04-24T09:48:26 IST" name="launchApp" finished-at="2024-04-24T09:48:45 IST" duration-ms="18846" status="PASS">
          <reporter-output>
          </reporter-output>
        </test-method> <!-- launchApp -->
        <test-method is-config="true" signature="adminLogin()[pri:0, instance:orangehrm.testcases.EmployeeRegTest@1de5f259]" started-at="2024-04-24T09:48:52 IST" name="adminLogin" finished-at="2024-04-24T09:48:53 IST" duration-ms="990" status="PASS">
          <reporter-output>
          </reporter-output>
        </test-method> <!-- adminLogin -->
        <test-method signature="checkEmpReg(java.lang.String,java.lang.String)[pri:0, instance:orangehrm.testcases.EmployeeRegTest@1de5f259]" started-at="2024-04-24T09:48:53 IST" name="checkEmpReg" finished-at="2024-04-24T09:48:58 IST" duration-ms="4457" status="PASS">
          <params>
            <param index="0">
              <value>
                <![CDATA[Sreekar1]]>
              </value>
            </param>
            <param index="1">
              <value>
                <![CDATA[V]]>
              </value>
            </param>
          </params>
          <reporter-output>
          </reporter-output>
        </test-method> <!-- checkEmpReg -->
        <test-method is-config="true" signature="adminlogout()[pri:0, instance:orangehrm.testcases.EmployeeRegTest@1de5f259]" started-at="2024-04-24T09:48:58 IST" name="adminlogout" finished-at="2024-04-24T09:49:01 IST" duration-ms="2937" status="PASS">
          <reporter-output>
          </reporter-output>
        </test-method> <!-- adminlogout -->
        <test-method is-config="true" signature="closeApp()[pri:0, instance:orangehrm.testcases.EmployeeRegTest@1de5f259]" started-at="2024-04-24T09:49:01 IST" name="closeApp" finished-at="2024-04-24T09:49:03 IST" duration-ms="2608" status="PASS">
          <reporter-output>
          </reporter-output>
        </test-method> <!-- closeApp -->
      </class> <!-- orangehrm.testcases.EmployeeRegTest -->
    </test> <!-- New Employee Registration Test -->
  </suite> <!-- OrangeHRM Test Suite -->
</testng-results>
